# JRE version: Java(TM) SE Runtime Environment (8.0_211-b12) (build 1.8.0_211-b12)
# Java VM: Java HotSpot(TM) 64-Bit Server VM (25.211-b12 mixed mode windows-amd64 compressed oops)
Heap:
 PSYoungGen      total 237056K, used 188143K [0x00000000d5f00000, 0x00000000e5c80000, 0x0000000100000000)
  eden space 228864K, 80% used [0x00000000d5f00000,0x00000000e13d1898,0x00000000e3e80000)
  from space 8192K, 36% used [0x00000000e5480000,0x00000000e576a5f0,0x00000000e5c80000)
  to   space 15360K, 0% used [0x00000000e3e80000,0x00000000e3e80000,0x00000000e4d80000)
 ParOldGen       total 127488K, used 21643K [0x0000000081c00000, 0x0000000089880000, 0x00000000d5f00000)
  object space 127488K, 16% used [0x0000000081c00000,0x0000000083122fd0,0x0000000089880000)
 Metaspace       used 61629K, capacity 65358K, committed 65664K, reserved 1105920K
  class space    used 8387K, capacity 9004K, committed 9088K, reserved 1048576K
GC Heap History (10 events):
Event: 8.225 GC heap before
{Heap before GC invocations=11 (full 2):
 PSYoungGen      total 166912K, used 155648K [0x00000000d5f00000, 0x00000000e3a00000, 0x0000000100000000)
  eden space 155648K, 100% used [0x00000000d5f00000,0x00000000df700000,0x00000000df700000)
  from space 11264K, 0% used [0x00000000e0280000,0x00000000e0280000,0x00000000e0d80000)
  to   space 11776K, 0% used [0x00000000df700000,0x00000000df700000,0x00000000e0280000)
 ParOldGen       total 89600K, used 13420K [0x0000000081c00000, 0x0000000087380000, 0x00000000d5f00000)
  object space 89600K, 14% used [0x0000000081c00000,0x000000008291b020,0x0000000087380000)
 Metaspace       used 50143K, capacity 52686K, committed 52992K, reserved 1095680K
  class space    used 6954K, capacity 7402K, committed 7424K, reserved 1048576K
Event: 8.266 GC heap after
Heap after GC invocations=11 (full 2):
 PSYoungGen      total 167424K, used 11757K [0x00000000d5f00000, 0x00000000e4080000, 0x0000000100000000)
  eden space 155648K, 0% used [0x00000000d5f00000,0x00000000d5f00000,0x00000000df700000)
  from space 11776K, 99% used [0x00000000df700000,0x00000000e027b470,0x00000000e0280000)
  to   space 15360K, 0% used [0x00000000e3180000,0x00000000e3180000,0x00000000e4080000)
 ParOldGen       total 89600K, used 18911K [0x0000000081c00000, 0x0000000087380000, 0x00000000d5f00000)
  object space 89600K, 21% used [0x0000000081c00000,0x0000000082e77d58,0x0000000087380000)
 Metaspace       used 50143K, capacity 52686K, committed 52992K, reserved 1095680K
  class space    used 6954K, capacity 7402K, committed 7424K, reserved 1048576K
}
Event: 9.389 GC heap before
{Heap before GC invocations=12 (full 2):
 PSYoungGen      total 167424K, used 74198K [0x00000000d5f00000, 0x00000000e4080000, 0x0000000100000000)
  eden space 155648K, 40% used [0x00000000d5f00000,0x00000000d9bfa5b0,0x00000000df700000)
  from space 11776K, 99% used [0x00000000df700000,0x00000000e027b470,0x00000000e0280000)
  to   space 15360K, 0% used [0x00000000e3180000,0x00000000e3180000,0x00000000e4080000)
 ParOldGen       total 89600K, used 18911K [0x0000000081c00000, 0x0000000087380000, 0x00000000d5f00000)
  object space 89600K, 21% used [0x0000000081c00000,0x0000000082e77d58,0x0000000087380000)
 Metaspace       used 55497K, capacity 58924K, committed 59008K, reserved 1099776K
  class space    used 7683K, capacity 8271K, committed 8320K, reserved 1048576K
Event: 9.410 GC heap after
Heap after GC invocations=12 (full 2):
 PSYoungGen      total 215040K, used 10991K [0x00000000d5f00000, 0x00000000e4180000, 0x0000000100000000)
  eden space 199680K, 0% used [0x00000000d5f00000,0x00000000d5f00000,0x00000000e2200000)
  from space 15360K, 71% used [0x00000000e3180000,0x00000000e3c3bf80,0x00000000e4080000)
  to   space 15872K, 0% used [0x00000000e2200000,0x00000000e2200000,0x00000000e3180000)
 ParOldGen       total 89600K, used 18919K [0x0000000081c00000, 0x0000000087380000, 0x00000000d5f00000)
  object space 89600K, 21% used [0x0000000081c00000,0x0000000082e79d58,0x0000000087380000)
 Metaspace       used 55497K, capacity 58924K, committed 59008K, reserved 1099776K
  class space    used 7683K, capacity 8271K, committed 8320K, reserved 1048576K
}
Event: 9.410 GC heap before
{Heap before GC invocations=13 (full 3):
 PSYoungGen      total 215040K, used 10991K [0x00000000d5f00000, 0x00000000e4180000, 0x0000000100000000)
  eden space 199680K, 0% used [0x00000000d5f00000,0x00000000d5f00000,0x00000000e2200000)
  from space 15360K, 71% used [0x00000000e3180000,0x00000000e3c3bf80,0x00000000e4080000)
  to   space 15872K, 0% used [0x00000000e2200000,0x00000000e2200000,0x00000000e3180000)
 ParOldGen       total 89600K, used 18919K [0x0000000081c00000, 0x0000000087380000, 0x00000000d5f00000)
  object space 89600K, 21% used [0x0000000081c00000,0x0000000082e79d58,0x0000000087380000)
 Metaspace       used 55497K, capacity 58924K, committed 59008K, reserved 1099776K
  class space    used 7683K, capacity 8271K, committed 8320K, reserved 1048576K
Event: 9.631 GC heap after
Heap after GC invocations=13 (full 3):
 PSYoungGen      total 215040K, used 0K [0x00000000d5f00000, 0x00000000e4180000, 0x0000000100000000)
  eden space 199680K, 0% used [0x00000000d5f00000,0x00000000d5f00000,0x00000000e2200000)
  from space 15360K, 0% used [0x00000000e3180000,0x00000000e3180000,0x00000000e4080000)
  to   space 15872K, 0% used [0x00000000e2200000,0x00000000e2200000,0x00000000e3180000)
 ParOldGen       total 127488K, used 21627K [0x0000000081c00000, 0x0000000089880000, 0x00000000d5f00000)
  object space 127488K, 16% used [0x0000000081c00000,0x000000008311efd0,0x0000000089880000)
 Metaspace       used 55497K, capacity 58924K, committed 59008K, reserved 1099776K
  class space    used 7683K, capacity 8271K, committed 8320K, reserved 1048576K
}
Event: 3449.338 GC heap before
{Heap before GC invocations=14 (full 3):
 PSYoungGen      total 215040K, used 199680K [0x00000000d5f00000, 0x00000000e4180000, 0x0000000100000000)
  eden space 199680K, 100% used [0x00000000d5f00000,0x00000000e2200000,0x00000000e2200000)
  from space 15360K, 0% used [0x00000000e3180000,0x00000000e3180000,0x00000000e4080000)
  to   space 15872K, 0% used [0x00000000e2200000,0x00000000e2200000,0x00000000e3180000)
 ParOldGen       total 127488K, used 21627K [0x0000000081c00000, 0x0000000089880000, 0x00000000d5f00000)
  object space 127488K, 16% used [0x0000000081c00000,0x000000008311efd0,0x0000000089880000)
 Metaspace       used 61509K, capacity 65166K, committed 65408K, reserved 1105920K
  class space    used 8386K, capacity 9004K, committed 9088K, reserved 1048576K
Event: 3449.353 GC heap after
Heap after GC invocations=14 (full 3):
 PSYoungGen      total 215552K, used 7458K [0x00000000d5f00000, 0x00000000e6380000, 0x0000000100000000)
  eden space 199680K, 0% used [0x00000000d5f00000,0x00000000d5f00000,0x00000000e2200000)
  from space 15872K, 46% used [0x00000000e2200000,0x00000000e2948860,0x00000000e3180000)
  to   space 15360K, 0% used [0x00000000e5480000,0x00000000e5480000,0x00000000e6380000)
 ParOldGen       total 127488K, used 21635K [0x0000000081c00000, 0x0000000089880000, 0x00000000d5f00000)
  object space 127488K, 16% used [0x0000000081c00000,0x0000000083120fd0,0x0000000089880000)
 Metaspace       used 61509K, capacity 65166K, committed 65408K, reserved 1105920K
  class space    used 8386K, capacity 9004K, committed 9088K, reserved 1048576K
}
Event: 8566.905 GC heap before
{Heap before GC invocations=15 (full 3):
 PSYoungGen      total 215552K, used 207138K [0x00000000d5f00000, 0x00000000e6380000, 0x0000000100000000)
  eden space 199680K, 100% used [0x00000000d5f00000,0x00000000e2200000,0x00000000e2200000)
  from space 15872K, 46% used [0x00000000e2200000,0x00000000e2948860,0x00000000e3180000)
  to   space 15360K, 0% used [0x00000000e5480000,0x00000000e5480000,0x00000000e6380000)
 ParOldGen       total 127488K, used 21635K [0x0000000081c00000, 0x0000000089880000, 0x00000000d5f00000)
  object space 127488K, 16% used [0x0000000081c00000,0x0000000083120fd0,0x0000000089880000)
 Metaspace       used 61582K, capacity 65294K, committed 65408K, reserved 1105920K
  class space    used 8387K, capacity 9004K, committed 9088K, reserved 1048576K
Event: 8566.938 GC heap after
Heap after GC invocations=15 (full 3):
 PSYoungGen      total 237056K, used 2985K [0x00000000d5f00000, 0x00000000e5c80000, 0x0000000100000000)
  eden space 228864K, 0% used [0x00000000d5f00000,0x00000000d5f00000,0x00000000e3e80000)
  from space 8192K, 36% used [0x00000000e5480000,0x00000000e576a5f0,0x00000000e5c80000)
  to   space 15360K, 0% used [0x00000000e3e80000,0x00000000e3e80000,0x00000000e4d80000)
 ParOldGen       total 127488K, used 21643K [0x0000000081c00000, 0x0000000089880000, 0x00000000d5f00000)
  object space 127488K, 16% used [0x0000000081c00000,0x0000000083122fd0,0x0000000089880000)
 Metaspace       used 61582K, capacity 65294K, committed 65408K, reserved 1105920K
  class space    used 8387K, capacity 9004K, committed 9088K, reserved 1048576K
}

